2025-10-22 10:33:59.442 [main] INFO  es.potter.HogwartsApp - === INICIO DE HOGWARTS APP ===
2025-10-22 10:34:00.533 [ForkJoinPool.commonPool-worker-1] INFO  es.potter.util.Propiedades - Archivo configuration.properties cargado correctamente
2025-10-22 10:34:00.537 [JavaFX Application Thread] INFO  es.potter.HogwartsApp - Archivo FXML cargado exitosamente
2025-10-22 10:34:00.771 [ForkJoinPool.commonPool-worker-1] INFO  es.potter.database.ConexionFactory - Conexión establecida exitosamente: MARIADB (db.mariadb)
2025-10-22 10:34:00.784 [ForkJoinPool.commonPool-worker-1] INFO  es.potter.dao.DaoAlumno - Cargados 24 alumnos desde MARIADB (db.mariadb)
2025-10-22 10:34:04.962 [ForkJoinPool.commonPool-worker-1] INFO  es.potter.database.ConexionFactory - Conexión establecida exitosamente: Slytherin (db.hsqldb)
2025-10-22 10:34:04.980 [ForkJoinPool.commonPool-worker-1] INFO  es.potter.dao.DaoAlumno - Cargados 7 alumnos desde Slytherin (db.hsqldb)
2025-10-22 10:34:05.505 [ForkJoinPool.commonPool-worker-1] INFO  es.potter.database.ConexionFactory - Conexión establecida exitosamente: Gryffindor (db.derby)
2025-10-22 10:34:05.537 [ForkJoinPool.commonPool-worker-1] INFO  es.potter.dao.DaoAlumno - Cargados 19 alumnos desde Gryffindor (db.derby)
2025-10-22 10:34:06.148 [ForkJoinPool.commonPool-worker-1] INFO  es.potter.database.ConexionFactory - Conexión establecida exitosamente: Hufflepuff (db.h2)
2025-10-22 10:34:06.166 [ForkJoinPool.commonPool-worker-1] INFO  es.potter.dao.DaoAlumno - Cargados 7 alumnos desde Hufflepuff (db.h2)
2025-10-22 10:34:06.870 [ForkJoinPool.commonPool-worker-1] INFO  es.potter.database.ConexionFactory - Conexión establecida exitosamente: Hufflepuff (db.h2)
2025-10-22 10:34:06.887 [ForkJoinPool.commonPool-worker-1] INFO  es.potter.dao.DaoAlumno - Cargados 7 alumnos desde Hufflepuff (db.h2)
2025-10-22 10:34:07.719 [ForkJoinPool.commonPool-worker-1] INFO  es.potter.database.ConexionFactory - Conexión establecida exitosamente: Ravenclaw (db.oracle)
2025-10-22 10:34:07.842 [ForkJoinPool.commonPool-worker-1] INFO  es.potter.dao.DaoAlumno - Cargados 7 alumnos desde Ravenclaw (db.oracle)
2025-10-22 10:34:10.432 [ForkJoinPool.commonPool-worker-1] INFO  es.potter.database.ConexionFactory - Conexión establecida exitosamente: Hufflepuff (db.h2)
2025-10-22 10:34:10.446 [ForkJoinPool.commonPool-worker-1] INFO  es.potter.dao.DaoAlumno - Cargados 7 alumnos desde Hufflepuff (db.h2)
2025-10-22 10:34:11.281 [ForkJoinPool.commonPool-worker-1] INFO  es.potter.database.ConexionFactory - Conexión establecida exitosamente: Ravenclaw (db.oracle)
2025-10-22 10:34:11.288 [ForkJoinPool.commonPool-worker-1] INFO  es.potter.dao.DaoAlumno - Cargados 7 alumnos desde Ravenclaw (db.oracle)
2025-10-22 10:34:12.269 [ForkJoinPool.commonPool-worker-1] INFO  es.potter.database.ConexionFactory - Conexión establecida exitosamente: Hufflepuff (db.h2)
2025-10-22 10:34:12.284 [ForkJoinPool.commonPool-worker-1] INFO  es.potter.dao.DaoAlumno - Cargados 7 alumnos desde Hufflepuff (db.h2)
2025-10-22 10:34:13.028 [ForkJoinPool.commonPool-worker-1] INFO  es.potter.database.ConexionFactory - Conexión establecida exitosamente: Gryffindor (db.derby)
2025-10-22 10:34:13.056 [ForkJoinPool.commonPool-worker-1] INFO  es.potter.dao.DaoAlumno - Cargados 19 alumnos desde Gryffindor (db.derby)
2025-10-22 10:34:15.234 [ForkJoinPool.commonPool-worker-1] INFO  es.potter.database.ConexionFactory - Conexión establecida exitosamente: Ravenclaw (db.oracle)
2025-10-22 10:34:15.242 [ForkJoinPool.commonPool-worker-1] INFO  es.potter.dao.DaoAlumno - Cargados 7 alumnos desde Ravenclaw (db.oracle)
2025-10-22 10:34:16.343 [ForkJoinPool.commonPool-worker-1] INFO  es.potter.database.ConexionFactory - Conexión establecida exitosamente: Hufflepuff (db.h2)
2025-10-22 10:34:16.356 [ForkJoinPool.commonPool-worker-1] INFO  es.potter.dao.DaoAlumno - Cargados 7 alumnos desde Hufflepuff (db.h2)
2025-10-22 10:34:17.102 [ForkJoinPool.commonPool-worker-1] INFO  es.potter.database.ConexionFactory - Conexión establecida exitosamente: Ravenclaw (db.oracle)
2025-10-22 10:34:17.113 [ForkJoinPool.commonPool-worker-1] INFO  es.potter.dao.DaoAlumno - Cargados 7 alumnos desde Ravenclaw (db.oracle)
2025-10-22 10:34:18.279 [ForkJoinPool.commonPool-worker-1] INFO  es.potter.database.ConexionFactory - Conexión establecida exitosamente: Gryffindor (db.derby)
2025-10-22 10:34:18.306 [ForkJoinPool.commonPool-worker-1] INFO  es.potter.dao.DaoAlumno - Cargados 19 alumnos desde Gryffindor (db.derby)
2025-10-22 10:34:18.914 [ForkJoinPool.commonPool-worker-1] INFO  es.potter.database.ConexionFactory - Conexión establecida exitosamente: Ravenclaw (db.oracle)
2025-10-22 10:34:18.920 [ForkJoinPool.commonPool-worker-1] INFO  es.potter.dao.DaoAlumno - Cargados 7 alumnos desde Ravenclaw (db.oracle)
2025-10-22 10:34:19.995 [ForkJoinPool.commonPool-worker-1] INFO  es.potter.database.ConexionFactory - Conexión establecida exitosamente: Gryffindor (db.derby)
2025-10-22 10:34:20.025 [ForkJoinPool.commonPool-worker-1] INFO  es.potter.dao.DaoAlumno - Cargados 19 alumnos desde Gryffindor (db.derby)
2025-10-22 10:34:20.640 [ForkJoinPool.commonPool-worker-1] INFO  es.potter.database.ConexionFactory - Conexión establecida exitosamente: Ravenclaw (db.oracle)
2025-10-22 10:34:20.647 [ForkJoinPool.commonPool-worker-1] INFO  es.potter.dao.DaoAlumno - Cargados 7 alumnos desde Ravenclaw (db.oracle)
2025-10-23 21:58:55.672 [main] INFO  es.potter.HogwartsApp - === INICIO DE HOGWARTS APP ===
2025-10-23 21:58:57.492 [ForkJoinPool.commonPool-worker-1] INFO  es.potter.util.Propiedades - Archivo configuration.properties cargado correctamente.
2025-10-23 21:58:57.586 [JavaFX Application Thread] INFO  es.potter.HogwartsApp - Archivo FXML cargado exitosamente
2025-10-23 21:58:58.367 [ForkJoinPool.commonPool-worker-1] INFO  es.potter.database.ConexionFactory - Conexión establecida exitosamente: MARIADB (db.mariadb)
2025-10-23 21:58:58.449 [ForkJoinPool.commonPool-worker-1] INFO  es.potter.dao.DaoAlumno - Cargados 21 alumnos desde MARIADB (db.mariadb)
2025-10-23 21:59:04.464 [ForkJoinPool.commonPool-worker-1] INFO  es.potter.database.ConexionFactory - Conexión establecida exitosamente: Gryffindor (db.derby)
2025-10-23 21:59:04.674 [ForkJoinPool.commonPool-worker-1] INFO  es.potter.dao.DaoAlumno - Cargados 5 alumnos desde Gryffindor (db.derby)
2025-10-23 21:59:08.284 [ForkJoinPool.commonPool-worker-1] INFO  es.potter.database.ConexionFactory - Conexión establecida exitosamente: Ravenclaw (db.oracle)
2025-10-23 21:59:08.638 [ForkJoinPool.commonPool-worker-1] INFO  es.potter.dao.DaoAlumno - Cargados 6 alumnos desde Ravenclaw (db.oracle)
2025-10-23 22:02:03.732 [JavaFX Application Thread] INFO  es.potter.servicio.ServicioHogwarts - Creando alumno 'Urtzi' en sistema Master-Slave
2025-10-23 22:02:04.032 [ForkJoinPool.commonPool-worker-2] INFO  es.potter.database.ConexionFactory - Conexión establecida exitosamente: MARIADB (db.mariadb)
2025-10-23 22:02:04.210 [ForkJoinPool.commonPool-worker-2] INFO  es.potter.dao.DaoAlumno - Alumno con ID SLY-6b1d1cb7 creado correctamente en MARIADB (db.mariadb)
2025-10-23 22:02:04.215 [ForkJoinPool.commonPool-worker-2] INFO  es.potter.servicio.ServicioHogwarts - Guardado en MASTER, sincronizando slaves...
2025-10-23 22:02:04.242 [ForkJoinPool.commonPool-worker-4] INFO  es.potter.database.SQLiteManager - Directorio de datos creado: C:\Users\Wara\AppData\Roaming\HogwartsApp
2025-10-23 22:02:04.243 [ForkJoinPool.commonPool-worker-4] INFO  es.potter.database.SQLiteManager - Base de datos no encontrada en C:\Users\Wara\AppData\Roaming\HogwartsApp\hogwarts.db. Copiando desde resources...
2025-10-23 22:02:04.246 [ForkJoinPool.commonPool-worker-4] INFO  es.potter.database.SQLiteManager - Base de datos SQLite inicializada correctamente en: C:\Users\Wara\AppData\Roaming\HogwartsApp\hogwarts.db
2025-10-23 22:02:04.365 [ForkJoinPool.commonPool-worker-4] INFO  es.potter.database.ConexionFactory - Conexión establecida exitosamente: SQLITE (db.sqlite)
2025-10-23 22:02:04.375 [ForkJoinPool.commonPool-worker-4] INFO  es.potter.dao.DaoAlumno - Alumno con ID SLY-6b1d1cb7 creado correctamente en SQLITE (db.sqlite)
2025-10-23 22:02:04.503 [ForkJoinPool.commonPool-worker-3] INFO  es.potter.database.ConexionFactory - Conexión establecida exitosamente: Slytherin (db.hsqldb)
2025-10-23 22:02:04.741 [ForkJoinPool.commonPool-worker-3] INFO  es.potter.dao.DaoAlumno - Alumno con ID SLY-6b1d1cb7 creado correctamente en Slytherin (db.hsqldb)
2025-10-23 22:02:04.854 [ForkJoinPool.commonPool-worker-3] INFO  es.potter.servicio.ServicioHogwarts - Copiado a Slytherin (db.hsqldb) y SQLite
2025-10-23 22:02:12.056 [ForkJoinPool.commonPool-worker-3] INFO  es.potter.database.ConexionFactory - Conexión establecida exitosamente: MARIADB (db.mariadb)
2025-10-23 22:02:12.111 [ForkJoinPool.commonPool-worker-3] INFO  es.potter.dao.DaoAlumno - Cargados 22 alumnos desde MARIADB (db.mariadb)
2025-10-23 22:02:14.106 [ForkJoinPool.commonPool-worker-3] INFO  es.potter.database.ConexionFactory - Conexión establecida exitosamente: Ravenclaw (db.oracle)
2025-10-23 22:02:14.180 [ForkJoinPool.commonPool-worker-3] INFO  es.potter.dao.DaoAlumno - Cargados 6 alumnos desde Ravenclaw (db.oracle)
2025-10-23 22:02:14.261 [ForkJoinPool.commonPool-worker-4] INFO  es.potter.database.ConexionFactory - Conexión establecida exitosamente: Ravenclaw (db.oracle)
2025-10-23 22:02:14.319 [ForkJoinPool.commonPool-worker-4] INFO  es.potter.dao.DaoAlumno - Cargados 6 alumnos desde Ravenclaw (db.oracle)
2025-10-23 22:02:18.241 [ForkJoinPool.commonPool-worker-4] INFO  es.potter.database.ConexionFactory - Conexión establecida exitosamente: Slytherin (db.hsqldb)
2025-10-23 22:02:18.359 [ForkJoinPool.commonPool-worker-4] INFO  es.potter.dao.DaoAlumno - Cargados 6 alumnos desde Slytherin (db.hsqldb)
2025-10-23 22:03:17.014 [ForkJoinPool.commonPool-worker-4] INFO  es.potter.database.ConexionFactory - Conexión establecida exitosamente: Ravenclaw (db.oracle)
2025-10-23 22:03:17.073 [ForkJoinPool.commonPool-worker-4] INFO  es.potter.dao.DaoAlumno - Cargados 6 alumnos desde Ravenclaw (db.oracle)
2025-10-23 22:03:19.226 [ForkJoinPool.commonPool-worker-4] INFO  es.potter.database.ConexionFactory - Conexión establecida exitosamente: Hufflepuff (db.h2)
2025-10-23 22:03:19.345 [ForkJoinPool.commonPool-worker-4] INFO  es.potter.dao.DaoAlumno - Cargados 5 alumnos desde Hufflepuff (db.h2)
2025-10-23 22:03:21.100 [ForkJoinPool.commonPool-worker-4] INFO  es.potter.database.ConexionFactory - Conexión establecida exitosamente: Gryffindor (db.derby)
2025-10-23 22:03:21.259 [ForkJoinPool.commonPool-worker-4] INFO  es.potter.dao.DaoAlumno - Cargados 5 alumnos desde Gryffindor (db.derby)
2025-10-23 22:11:25.295 [main] INFO  es.potter.HogwartsApp - === INICIO DE HOGWARTS APP ===
2025-10-23 22:11:27.084 [ForkJoinPool.commonPool-worker-1] INFO  es.potter.util.Propiedades - Archivo configuration.properties cargado correctamente.
2025-10-23 22:11:27.179 [JavaFX Application Thread] INFO  es.potter.HogwartsApp - Archivo FXML cargado exitosamente
2025-10-23 22:11:27.859 [ForkJoinPool.commonPool-worker-1] INFO  es.potter.database.ConexionFactory - Conexión establecida exitosamente: MARIADB (db.mariadb)
2025-10-23 22:11:27.964 [ForkJoinPool.commonPool-worker-1] INFO  es.potter.dao.DaoAlumno - Cargados 22 alumnos desde MARIADB (db.mariadb)
2025-10-23 22:14:43.020 [main] INFO  es.potter.HogwartsApp - === INICIO DE HOGWARTS APP ===
2025-10-23 22:14:44.648 [ForkJoinPool.commonPool-worker-1] INFO  es.potter.util.Propiedades - Archivo configuration.properties cargado correctamente.
2025-10-23 22:14:44.740 [JavaFX Application Thread] INFO  es.potter.HogwartsApp - Archivo FXML cargado exitosamente
2025-10-23 22:14:45.443 [ForkJoinPool.commonPool-worker-1] INFO  es.potter.database.ConexionFactory - Conexión establecida exitosamente: MARIADB (db.mariadb)
2025-10-23 22:14:45.606 [ForkJoinPool.commonPool-worker-1] INFO  es.potter.dao.DaoAlumno - Cargados 22 alumnos desde MARIADB (db.mariadb)
2025-10-23 22:59:40.482 [main] INFO  es.potter.HogwartsApp - === INICIO DE HOGWARTS APP ===
2025-10-23 22:59:41.977 [ForkJoinPool.commonPool-worker-1] INFO  es.potter.util.Propiedades - Archivo configuration.properties cargado correctamente.
2025-10-23 22:59:42.040 [JavaFX Application Thread] INFO  es.potter.HogwartsApp - Archivo FXML cargado exitosamente
2025-10-23 22:59:42.457 [ForkJoinPool.commonPool-worker-1] INFO  es.potter.database.ConexionFactory - Conexión establecida exitosamente: MARIADB (db.mariadb)
2025-10-23 22:59:42.525 [ForkJoinPool.commonPool-worker-1] INFO  es.potter.dao.DaoAlumno - Cargados 22 alumnos desde MARIADB (db.mariadb)
2025-10-23 23:15:21.149 [main] INFO  es.potter.HogwartsApp - === INICIO DE HOGWARTS APP ===
2025-10-23 23:15:23.072 [ForkJoinPool.commonPool-worker-1] INFO  es.potter.util.Propiedades - Archivo configuration.properties cargado correctamente.
2025-10-23 23:15:23.150 [JavaFX Application Thread] INFO  es.potter.HogwartsApp - Archivo FXML cargado exitosamente
2025-10-22 10:36:53.359 [main] INFO  es.potter.HogwartsApp - === INICIO DE HOGWARTS APP ===
2025-10-22 10:36:54.286 [ForkJoinPool.commonPool-worker-1] INFO  es.potter.util.Propiedades - Archivo configuration.properties cargado correctamente
2025-10-22 10:36:54.289 [JavaFX Application Thread] INFO  es.potter.HogwartsApp - Archivo FXML cargado exitosamente
2025-10-22 10:36:54.499 [ForkJoinPool.commonPool-worker-1] INFO  es.potter.database.ConexionFactory - Conexión establecida exitosamente: MARIADB (db.mariadb)
2025-10-22 10:36:54.516 [ForkJoinPool.commonPool-worker-1] INFO  es.potter.dao.DaoAlumno - Cargados 24 alumnos desde MARIADB (db.mariadb)
2025-10-22 10:37:30.616 [ForkJoinPool.commonPool-worker-1] INFO  es.potter.database.ConexionFactory - Conexión establecida exitosamente: Slytherin (db.hsqldb)
2025-10-22 10:37:30.646 [ForkJoinPool.commonPool-worker-1] INFO  es.potter.dao.DaoAlumno - Cargados 7 alumnos desde Slytherin (db.hsqldb)
2025-10-22 10:37:46.522 [ForkJoinPool.commonPool-worker-1] INFO  es.potter.database.ConexionFactory - Conexión establecida exitosamente: MARIADB (db.mariadb)
2025-10-22 10:37:46.533 [ForkJoinPool.commonPool-worker-1] INFO  es.potter.dao.DaoAlumno - Cargados 24 alumnos desde MARIADB (db.mariadb)
2025-10-22 10:38:10.813 [ForkJoinPool.commonPool-worker-1] INFO  es.potter.database.ConexionFactory - Conexión establecida exitosamente: Slytherin (db.hsqldb)
2025-10-22 10:38:10.853 [ForkJoinPool.commonPool-worker-1] INFO  es.potter.dao.DaoAlumno - Cargados 7 alumnos desde Slytherin (db.hsqldb)
2025-10-22 10:38:11.624 [ForkJoinPool.commonPool-worker-1] INFO  es.potter.database.ConexionFactory - Conexión establecida exitosamente: Gryffindor (db.derby)
2025-10-22 10:38:11.649 [ForkJoinPool.commonPool-worker-1] INFO  es.potter.dao.DaoAlumno - Cargados 19 alumnos desde Gryffindor (db.derby)
2025-10-22 10:38:12.485 [ForkJoinPool.commonPool-worker-1] INFO  es.potter.database.ConexionFactory - Conexión establecida exitosamente: Hufflepuff (db.h2)
2025-10-22 10:38:12.504 [ForkJoinPool.commonPool-worker-1] INFO  es.potter.dao.DaoAlumno - Cargados 7 alumnos desde Hufflepuff (db.h2)
2025-10-22 10:38:13.437 [ForkJoinPool.commonPool-worker-1] INFO  es.potter.database.ConexionFactory - Conexión establecida exitosamente: Ravenclaw (db.oracle)
2025-10-22 10:38:13.537 [ForkJoinPool.commonPool-worker-1] INFO  es.potter.dao.DaoAlumno - Cargados 7 alumnos desde Ravenclaw (db.oracle)
2025-10-22 10:38:14.982 [ForkJoinPool.commonPool-worker-1] INFO  es.potter.database.ConexionFactory - Conexión establecida exitosamente: Gryffindor (db.derby)
2025-10-22 10:38:15.009 [ForkJoinPool.commonPool-worker-1] INFO  es.potter.dao.DaoAlumno - Cargados 19 alumnos desde Gryffindor (db.derby)
2025-10-22 10:38:15.762 [ForkJoinPool.commonPool-worker-1] INFO  es.potter.database.ConexionFactory - Conexión establecida exitosamente: MARIADB (db.mariadb)
2025-10-22 10:38:15.774 [ForkJoinPool.commonPool-worker-1] INFO  es.potter.dao.DaoAlumno - Cargados 24 alumnos desde MARIADB (db.mariadb)
2025-10-22 10:43:14.969 [ForkJoinPool.commonPool-worker-1] INFO  es.potter.util.Propiedades - Archivo configuration.properties cargado correctamente
2025-10-22 10:43:15.242 [ForkJoinPool.commonPool-worker-1] INFO  es.potter.database.ConexionFactory - Conexión establecida exitosamente: H2 (db.h2)
2025-10-22 10:43:15.447 [ForkJoinPool.commonPool-worker-1] INFO  es.potter.database.ConexionFactory - Conexión establecida exitosamente: HSQLDB (db.hsqldb)
2025-10-22 10:43:15.847 [ForkJoinPool.commonPool-worker-1] INFO  es.potter.database.ConexionFactory - Conexión establecida exitosamente: ORACLE (db.oracle)
2025-10-22 10:43:15.964 [ForkJoinPool.commonPool-worker-1] INFO  es.potter.database.ConexionFactory - Conexión establecida exitosamente: APACHE_DERBY (db.derby)
2025-10-22 10:43:16.072 [ForkJoinPool.commonPool-worker-1] INFO  es.potter.database.ConexionFactory - Conexión establecida exitosamente: MARIADB (db.mariadb)
2025-10-22 10:43:16.415 [ForkJoinPool.commonPool-worker-1] INFO  es.potter.database.ConexionFactory - Conexión establecida exitosamente: SQLITE (db.sqlite)
2025-10-22 10:43:16.440 [ForkJoinPool.commonPool-worker-1] INFO  es.potter.database.ConexionFactory - Conexión establecida exitosamente: Gryffindor (db.derby)
2025-10-22 10:43:16.592 [ForkJoinPool.commonPool-worker-1] INFO  es.potter.database.ConexionFactory - Conexión establecida exitosamente: Slytherin (db.hsqldb)
2025-10-22 10:43:16.714 [ForkJoinPool.commonPool-worker-1] INFO  es.potter.database.ConexionFactory - Conexión establecida exitosamente: Ravenclaw (db.oracle)
2025-10-22 10:43:16.772 [ForkJoinPool.commonPool-worker-1] INFO  es.potter.database.ConexionFactory - Conexión establecida exitosamente: Hufflepuff (db.h2)
2025-10-22 11:00:15.689 [main] INFO  es.potter.HogwartsApp - === INICIO DE HOGWARTS APP ===
2025-10-22 11:00:16.752 [ForkJoinPool.commonPool-worker-1] INFO  es.potter.util.Propiedades - Archivo configuration.properties cargado correctamente
2025-10-22 11:00:16.755 [JavaFX Application Thread] INFO  es.potter.HogwartsApp - Archivo FXML cargado exitosamente
2025-10-22 11:00:17.196 [ForkJoinPool.commonPool-worker-1] INFO  es.potter.dao.DaoAlumno - Cargados 24 alumnos desde MARIADB (db.mariadb)
